c:\users\xiaofei\desktop\c++ learn\glpractice\glpractice\x64\debug\vc120.pdb
c:\users\xiaofei\desktop\c++ learn\glpractice\glpractice\x64\debug\vc120.idb
c:\users\xiaofei\desktop\c++ learn\glpractice\glpractice\x64\debug\main.obj
c:\users\xiaofei\desktop\c++ learn\glpractice\glpractice\x64\debug\engine.obj
c:\users\xiaofei\desktop\c++ learn\glpractice\glpractice\x64\debug\errors.obj
c:\users\xiaofei\desktop\c++ learn\glpractice\glpractice\x64\debug\window.obj
c:\users\xiaofei\desktop\c++ learn\glpractice\glpractice\x64\debug\error.obj
c:\users\xiaofei\desktop\c++ learn\glpractice\glpractice\x64\debug\sprite.obj
c:\users\xiaofei\desktop\c++ learn\glpractice\glpractice\x64\debug\glslprogram.obj
c:\users\xiaofei\desktop\glpractice\glpractice\x64\debug\vc120.pdb
c:\users\xiaofei\desktop\glpractice\glpractice\x64\debug\vc120.idb
c:\users\xiaofei\desktop\glpractice\glpractice\x64\debug\error.obj
c:\users\xiaofei\desktop\glpractice\glpractice\x64\debug\glslprogram.obj
c:\users\xiaofei\desktop\glpractice\glpractice\x64\debug\main.obj
c:\users\xiaofei\desktop\glpractice\glpractice\x64\debug\sprite.obj
c:\users\xiaofei\desktop\glpractice\glpractice\x64\debug\window.obj
c:\users\xiaofei\desktop\c++ learn\glpractice\x64\debug\glpractice.ilk
c:\users\xiaofei\desktop\c++ learn\glpractice\x64\debug\glpractice.exe
c:\users\xiaofei\desktop\c++ learn\glpractice\x64\debug\glpractice.pdb
c:\users\xiaofei\desktop\glpractice\x64\debug\glpractice.ilk
c:\users\xiaofei\desktop\glpractice\x64\debug\glpractice.exe
c:\users\xiaofei\desktop\glpractice\x64\debug\glpractice.pdb
c:\users\xiaofei\desktop\glpractice\glpractice\x64\debug\engine.obj
c:\users\xiaofei\desktop\glpractice\glpractice\x64\debug\errors.obj
c:\users\xiaofei\desktop\glpractice\glpractice\x64\debug\glpractice.tlog\cl.command.1.tlog
c:\users\xiaofei\desktop\glpractice\glpractice\x64\debug\glpractice.tlog\cl.read.1.tlog
c:\users\xiaofei\desktop\glpractice\glpractice\x64\debug\glpractice.tlog\cl.write.1.tlog
c:\users\xiaofei\desktop\glpractice\glpractice\x64\debug\glpractice.tlog\link.command.1.tlog
c:\users\xiaofei\desktop\glpractice\glpractice\x64\debug\glpractice.tlog\link.read.1.tlog
c:\users\xiaofei\desktop\glpractice\glpractice\x64\debug\glpractice.tlog\link.write.1.tlog
